build/app/outputs/mapping/release/seeds.txt
com.example.ezeeclub.MainActivity
com.example.ezeeclub.MainActivity: MainActivity()
...
androidx.window.layout.SidecarCompat: java.util.Map windowListenerRegisteredContexts
com.google.android.gms.common.internal.zzj: android.os.Parcelable$Creator CREATOR
io.flutter.view.AccessibilityViewEmbedder: io.flutter.view.AccessibilityViewEmbedder$ReflectionAccessors reflectionAccessors
androidx.window.layout.SidecarCompat$registerConfigurationChangeListener$configChangeObserver$1: androidx.window.layout.SidecarCompat this$0
com.google.android.gms.common.internal.ClientIdentity: android.os.Parcelable$Creator CREATOR
androidx.window.java.layout.WindowInfoTrackerCallbackAdapter$addListener$1$1$invokeSuspend$$inlined$collect$1: androidx.core.util.Consumer $consumer$inlined
androidx.window.layout.FoldingFeature$State: androidx.window.layout.FoldingFeature$State FLAT
androidx.window.core.Bounds: int right
com.google.android.gms.location.LocationRequest: android.os.Parcelable$Creator CREATOR
androidx.window.layout.WindowMetrics: androidx.window.core.Bounds _bounds
androidx.window.layout.HardwareFoldingFeature$Type: java.lang.String description
io.flutter.embedding.engine.renderer.FlutterRenderer$ImageReaderSurfaceProducer: boolean released
kotlinx.coroutines.JobSupport: java.lang.Object _state
kotlinx.coroutines.CommonPool: java.util.concurrent.Executor pool
io.flutter.embedding.engine.FlutterOverlaySurface: int id
androidx.fragment.app.FragmentState: android.os.Parcelable$Creator CREATOR
androidx.window.embedding.SplitPairRule: boolean finishPrimaryWithSecondary
com.google.android.gms.location.DetectedActivity: android.os.Parcelable$Creator CREATOR
kotlin.jvm.internal.CallableReference: java.lang.Class owner
io.flutter.plugin.platform.SingleViewPresentation: io.flutter.plugin.platform.SingleViewPresentation$AccessibilityDelegatingFrameLayout rootView
androidx.window.layout.SidecarAdapter: java.lang.String TAG
io.flutter.view.FlutterCallbackInformation: java.lang.String callbackLibraryPath
androidx.window.embedding.SplitPairRule: boolean clearTop
io.flutter.view.AccessibilityViewEmbedder: int nextFlutterId
androidx.window.R$styleable: int SplitPairRule_splitLayoutDirection
io.flutter.embedding.engine.renderer.FlutterRenderer$ImageReaderSurfaceProducer: int requestedWidth
androidx.window.embedding.ExtensionEmbeddingBackend$SplitListenerWrapper: android.app.Activity activity
androidx.window.layout.WindowMetricsCalculator$Companion$reset$1: androidx.window.layout.WindowMetricsCalculator$Companion$reset$1 INSTANCE
androidx.window.embedding.SplitPlaceholderRule: java.util.Set filters
androidx.window.R$attr: int primaryActivityName
androidx.window.layout.SidecarWindowBackend$ExtensionListenerImpl: androidx.window.layout.SidecarWindowBackend this$0
androidx.window.embedding.SplitPairFilter: java.lang.String secondaryActivityIntentAction
com.google.android.gms.common.internal.zav: android.os.Parcelable$Creator CREATOR
androidx.window.core.Bounds: int top
io.flutter.plugin.editing.ImeSyncDeferringInsetsCallback: io.flutter.plugin.editing.ImeSyncDeferringInsetsCallback$InsetsListener insetsListener
io.flutter.embedding.engine.renderer.FlutterRenderer$ImageReaderSurfaceProducer: boolean VERBOSE_LOGS
kotlin.jvm.internal.CallableReference: boolean isTopLevel
androidx.window.layout.SidecarCompat$DistinctSidecarElementCallback: java.util.WeakHashMap mActivityWindowLayoutInfo
androidx.window.embedding.MatcherUtils: androidx.window.embedding.MatcherUtils INSTANCE
io.flutter.embedding.engine.FlutterJNI: io.flutter.embedding.engine.dart.PlatformMessageHandler platformMessageHandler
io.flutter.embedding.engine.FlutterJNI: android.os.Looper mainLooper
kotlinx.coroutines.scheduling.WorkQueue: int consumerIndex
androidx.appcompat.widget.Toolbar$SavedState: android.os.Parcelable$Creator CREATOR
androidx.window.layout.HardwareFoldingFeature$Type: androidx.window.layout.HardwareFoldingFeature$Type FOLD
com.google.android.gms.signin.internal.zaa: android.os.Parcelable$Creator CREATOR