build/app/outputs/mapping/release/mapping.txt
# compiler: R8
# compiler_version: 3.3.70
# min_api: 21
# common_typos_disable
# {"id":"com.android.tools.r8.mapping","version":"2.0"}
# pg_map_id: f8f5cab
# pg_map_hash: SHA-256 f8f5cab4874ea4147caa3d2f752b1e4c3ff026981be4d01bf1afe45868af6e59
...
androidx.core.app.JobIntentService$JobServiceEngineImpl$WrapperWorkItem -> m.k:
    android.app.job.JobWorkItem mJobWork -> a
    androidx.core.app.JobIntentService$JobServiceEngineImpl this$0 -> b
    void complete() -> a
androidx.core.app.JobIntentService$JobWorkEnqueuer -> m.m:
    android.app.job.JobScheduler mJobScheduler -> e
    android.app.job.JobInfo mJobInfo -> d
    void enqueueWork(android.content.Intent) -> a
androidx.core.app.JobIntentService$WorkEnqueuer -> m.n:
    android.content.ComponentName mComponentName -> a
    boolean mHasJobId -> b
    int mJobId -> c
    void enqueueWork(android.content.Intent) -> a
    void ensureJobId(int) -> b
    void serviceProcessingFinished() -> c
    void serviceProcessingStarted() -> d
    void serviceStartReceived() -> e
androidx.core.app.NotificationBuilderWithBuilderAccessor -> m.p:
androidx.core.app.NotificationCompat$Action -> m.q:
    android.app.PendingIntent actionIntent -> j
    android.os.Bundle mExtras -> a
    androidx.core.app.RemoteInput[] mRemoteInputs -> c
    int icon -> h
    androidx.core.graphics.drawable.IconCompat mIcon -> b
    boolean mShowsUserInterface -> e
    int mSemanticAction -> f
    boolean mIsContextual -> g
    java.lang.CharSequence title -> i
    boolean mAllowGeneratedReplies -> d
    8:12:void androidx.core.app.NotificationCompat$Action.<init>(androidx.core.graphics.drawable.IconCompat,java.lang.CharSequence,android.app.PendingIntent):0:0 -> <init>
    8:12:void <init>(int,java.lang.CharSequence,android.app.PendingIntent):0 -> <init>
    13:56:void androidx.core.app.NotificationCompat$Action.<init>(androidx.core.graphics.drawable.IconCompat,java.lang.CharSequence,android.app.PendingIntent,android.os.Bundle,androidx.core.app.RemoteInput[],androidx.core.app.RemoteInput[],boolean,int,boolean,boolean):0:0 -> <init>
    13:56:void androidx.core.app.NotificationCompat$Action.<init>(androidx.core.graphics.drawable.IconCompat,java.lang.CharSequence,android.app.PendingIntent):0 -> <init>
    13:56:void <init>(int,java.lang.CharSequence,android.app.PendingIntent):0 -> <init>
    boolean getAllowGeneratedReplies() -> a
    androidx.core.graphics.drawable.IconCompat getIconCompat() -> b
    androidx.core.app.RemoteInput[] getRemoteInputs() -> c
    int getSemanticAction() -> d
    boolean isContextual() -> e
androidx.core.app.NotificationCompat$BigTextStyle -> m.r:
    java.lang.CharSequence mBigText -> b
    androidx.core.app.NotificationCompat$Builder androidx.core.app.NotificationCompat$Style.mBuilder -> a
    0:65535:void androidx.core.app.NotificationCompat$Style.<init>():0:0 -> <init>
    0:65535:void <init>():0 -> <init>
    void apply(androidx.core.app.NotificationBuilderWithBuilderAccessor) -> a
    androidx.core.app.NotificationCompat$BigTextStyle bigText(java.lang.CharSequence) -> b