build/app/outputs/mapping/release/usage.txt
com.example.ezeeclub.BuildConfig
com.example.ezeeclub.R$anim
com.example.ezeeclub.R$animator
com.example.ezeeclub.R$attr
com.example.ezeeclub.R$bool
com.example.ezeeclub.R$color
com.example.ezeeclub.R$dimen
com.example.ezeeclub.R$drawable
com.example.ezeeclub.R$id
com.example.ezeeclub.R$integer
com.example.ezeeclub.R$interpolator
com.example.ezeeclub.R$layout
com.example.ezeeclub.R$menu
com.example.ezeeclub.R$mipmap
com.example.ezeeclub.R$raw
com.example.ezeeclub.R$string
com.example.ezeeclub.R$style
com.example.ezeeclub.R$styleable
com.example.ezeeclub.R
...
androidx.core.widget.CheckedTextViewCompat
androidx.core.widget.CompoundButtonCompat
androidx.core.widget.ContentLoadingProgressBar
androidx.core.widget.EdgeEffectCompat$Api31Impl:
    private void <init>()
androidx.core.widget.EdgeEffectCompat:
    private android.widget.EdgeEffect mEdgeEffect
    public void <init>(android.content.Context)
    public boolean draw(android.graphics.Canvas)
    public void finish()
    public boolean isFinished()
    public boolean onAbsorb(int)
    public boolean onPull(float)
    public boolean onPull(float,float)
    public boolean onRelease()
    public void setSize(int,int)
androidx.core.widget.ImageViewCompat:
    private void <init>()
androidx.core.widget.ListPopupWindowCompat
androidx.core.widget.ListViewCompat:
    private void <init>()
    public static boolean canScrollList(android.widget.ListView,int)
androidx.core.widget.NestedScrollView:
    static final int ANIMATED_SCROLL_GAP
    private static final int DEFAULT_SMOOTH_SCROLL_DURATION
    private static final int INVALID_POINTER
    static final float MAX_SCROLL_FACTOR
    private static final java.lang.String TAG
    public void <init>(android.content.Context)
    public boolean dispatchNestedScroll(int,int,int,int,int[],int)
    public boolean isFillViewport()
    public boolean isSmoothScrollingEnabled()
    public void setOnScrollChangeListener(androidx.core.widget.NestedScrollView$OnScrollChangeListener)
    public void setSmoothScrollingEnabled(boolean)
    public final void smoothScrollBy(int,int,int)
    public final void smoothScrollTo(int,int)
    public final void smoothScrollTo(int,int,int)
androidx.core.widget.PopupMenuCompat
androidx.core.widget.PopupWindowCompat$Api19Impl:
    private void <init>()
androidx.core.widget.PopupWindowCompat$Api23Impl:
    private void <init>()
androidx.core.widget.PopupWindowCompat:
    private static final java.lang.String TAG
    private static java.lang.reflect.Method sGetWindowLayoutTypeMethod
    private static boolean sGetWindowLayoutTypeMethodAttempted
    private void <init>()
    public static boolean getOverlapAnchor(android.widget.PopupWindow)
    public static int getWindowLayoutType(android.widget.PopupWindow)
androidx.core.widget.ScrollerCompat
androidx.core.widget.TextViewCompat$AutoSizeTextType
androidx.core.widget.TextViewCompat$OreoCallback:
    private static final int MENU_ITEM_ORDER_PROCESS_TEXT_INTENT_ACTIONS_START
androidx.core.widget.TextViewCompat:
    public static final int AUTO_SIZE_TEXT_TYPE_NONE
    public static final int AUTO_SIZE_TEXT_TYPE_UNIFORM
    private static final int LINES
    private static final java.lang.String LOG_TAG
    private static java.lang.reflect.Field sMaxModeField
    private static boolean sMaxModeFieldFetched
    private static java.lang.reflect.Field sMaximumField
    private static boolean sMaximumFieldFetched
    private static java.lang.reflect.Field sMinModeField
    private static boolean sMinModeFieldFetched
    private static java.lang.reflect.Field sMinimumField
    private static boolean sMinimumFieldFetched
    private void <init>()
    public static int getAutoSizeMaxTextSize(android.widget.TextView)
    public static int getAutoSizeMinTextSize(android.widget.TextView)
    public static int getAutoSizeStepGranularity(android.widget.TextView)
    public static int[] getAutoSizeTextAvailableSizes(android.widget.TextView)
    public static int getAutoSizeTextType(android.widget.TextView)
    public static android.content.res.ColorStateList getCompoundDrawableTintList(android.widget.TextView)
    public static android.graphics.PorterDuff$Mode getCompoundDrawableTintMode(android.widget.TextView)
    public static android.graphics.drawable.Drawable[] getCompoundDrawablesRelative(android.widget.TextView)
    public static int getMaxLines(android.widget.TextView)
    public static int getMinLines(android.widget.TextView)
androidx.core.widget.TextViewOnReceiveContentListener$Api16Impl